2021-09-14T02:42:05+00:00 CRITICAL /www/wwwroot/lyukyo.com/wp-content/themes/woondershop-pt/inc/widgets/widget-woo-cart.php 中第 41 行的 Uncaught Error: Call to a member function get_cart_contents_count() on null in /www/wwwroot/lyukyo.com/wp-content/themes/woondershop-pt/inc/widgets/widget-woo-cart.php:41
Stack trace:
#0 /www/wwwroot/lyukyo.com/wp-includes/class-wp-widget.php(393): PW_Woo_Cart->widget(Array, Array)
#1 /www/wwwroot/lyukyo.com/wp-includes/widgets.php(1977): WP_Widget->display_callback(Array, Array)
#2 /www/wwwroot/lyukyo.com/wp-includes/rest-api/endpoints/class-wp-rest-widgets-controller.php(630): wp_render_widget('pw_woo_cart-1', 'header-widgets')
#3 /www/wwwroot/lyukyo.com/wp-includes/rest-api/endpoints/class-wp-rest-widgets-controller.php(122): WP_REST_Widgets_Controller->prepare_item_for_response(Array, Object(WP_REST_Request))
#4 /www/wwwroot/lyukyo.com/wp-includes/rest-api/class-wp-rest-server.php(1140): WP_REST_Widgets_Controller->get_items(Object(WP_REST_Request))
#5 /www/wwwroot/lyukyo.com/wp-includes/rest-api/class-wp-rest-server.php(987): WP_REST_Server->respond_to_request(Object(WP_REST_Request), '/wp/v2/widgets', A

2021-09-14T03:30:00+00:00 CRITICAL /www/wwwroot/lyukyo.com/wp-content/themes/woondershop-pt/inc/widgets/widget-woo-cart.php 中第 41 行的 Uncaught Error: Call to a member function get_cart_contents_count() on null in /www/wwwroot/lyukyo.com/wp-content/themes/woondershop-pt/inc/widgets/widget-woo-cart.php:41
Stack trace:
#0 /www/wwwroot/lyukyo.com/wp-includes/class-wp-widget.php(393): PW_Woo_Cart->widget(Array, Array)
#1 /www/wwwroot/lyukyo.com/wp-includes/widgets.php(1977): WP_Widget->display_callback(Array, Array)
#2 /www/wwwroot/lyukyo.com/wp-includes/rest-api/endpoints/class-wp-rest-widgets-controller.php(630): wp_render_widget('pw_woo_cart-1', 'header-widgets')
#3 /www/wwwroot/lyukyo.com/wp-includes/rest-api/endpoints/class-wp-rest-widgets-controller.php(122): WP_REST_Widgets_Controller->prepare_item_for_response(Array, Object(WP_REST_Request))
#4 /www/wwwroot/lyukyo.com/wp-includes/rest-api/class-wp-rest-server.php(1140): WP_REST_Widgets_Controller->get_items(Object(WP_REST_Request))
#5 /www/wwwroot/lyukyo.com/wp-includes/rest-api/class-wp-rest-server.php(987): WP_REST_Server->respond_to_request(Object(WP_REST_Request), '/wp/v2/widgets', A

2021-09-14T03:32:25+00:00 CRITICAL /www/wwwroot/lyukyo.com/wp-content/themes/woondershop-pt/inc/widgets/widget-woo-cart.php 中第 41 行的 Uncaught Error: Call to a member function get_cart_contents_count() on null in /www/wwwroot/lyukyo.com/wp-content/themes/woondershop-pt/inc/widgets/widget-woo-cart.php:41
Stack trace:
#0 /www/wwwroot/lyukyo.com/wp-includes/class-wp-widget.php(393): PW_Woo_Cart->widget(Array, Array)
#1 /www/wwwroot/lyukyo.com/wp-includes/widgets.php(1977): WP_Widget->display_callback(Array, Array)
#2 /www/wwwroot/lyukyo.com/wp-includes/rest-api/endpoints/class-wp-rest-widgets-controller.php(630): wp_render_widget('pw_woo_cart-1', 'header-widgets')
#3 /www/wwwroot/lyukyo.com/wp-includes/rest-api/endpoints/class-wp-rest-widgets-controller.php(122): WP_REST_Widgets_Controller->prepare_item_for_response(Array, Object(WP_REST_Request))
#4 /www/wwwroot/lyukyo.com/wp-includes/rest-api/class-wp-rest-server.php(1140): WP_REST_Widgets_Controller->get_items(Object(WP_REST_Request))
#5 /www/wwwroot/lyukyo.com/wp-includes/rest-api/class-wp-rest-server.php(987): WP_REST_Server->respond_to_request(Object(WP_REST_Request), '/wp/v2/widgets', A

2021-09-14T03:36:08+00:00 CRITICAL /www/wwwroot/lyukyo.com/wp-content/themes/woondershop-pt/inc/widgets/widget-woo-cart.php 中第 41 行的 Uncaught Error: Call to a member function get_cart_contents_count() on null in /www/wwwroot/lyukyo.com/wp-content/themes/woondershop-pt/inc/widgets/widget-woo-cart.php:41
Stack trace:
#0 /www/wwwroot/lyukyo.com/wp-includes/class-wp-widget.php(393): PW_Woo_Cart->widget(Array, Array)
#1 /www/wwwroot/lyukyo.com/wp-includes/widgets.php(1977): WP_Widget->display_callback(Array, Array)
#2 /www/wwwroot/lyukyo.com/wp-includes/rest-api/endpoints/class-wp-rest-widgets-controller.php(630): wp_render_widget('pw_woo_cart-1', 'header-widgets')
#3 /www/wwwroot/lyukyo.com/wp-includes/rest-api/endpoints/class-wp-rest-widgets-controller.php(122): WP_REST_Widgets_Controller->prepare_item_for_response(Array, Object(WP_REST_Request))
#4 /www/wwwroot/lyukyo.com/wp-includes/rest-api/class-wp-rest-server.php(1140): WP_REST_Widgets_Controller->get_items(Object(WP_REST_Request))
#5 /www/wwwroot/lyukyo.com/wp-includes/rest-api/class-wp-rest-server.php(987): WP_REST_Server->respond_to_request(Object(WP_REST_Request), '/wp/v2/widgets', A

2021-09-14T05:48:31+00:00 CRITICAL /www/wwwroot/lyukyo.com/wp-content/themes/woondershop-pt/inc/widgets/widget-woo-cart.php 中第 41 行的 Uncaught Error: Call to a member function get_cart_contents_count() on null in /www/wwwroot/lyukyo.com/wp-content/themes/woondershop-pt/inc/widgets/widget-woo-cart.php:41
Stack trace:
#0 /www/wwwroot/lyukyo.com/wp-includes/class-wp-widget.php(393): PW_Woo_Cart->widget(Array, Array)
#1 /www/wwwroot/lyukyo.com/wp-includes/widgets.php(1977): WP_Widget->display_callback(Array, Array)
#2 /www/wwwroot/lyukyo.com/wp-includes/rest-api/endpoints/class-wp-rest-widgets-controller.php(630): wp_render_widget('pw_woo_cart-1', 'header-widgets')
#3 /www/wwwroot/lyukyo.com/wp-includes/rest-api/endpoints/class-wp-rest-widgets-controller.php(122): WP_REST_Widgets_Controller->prepare_item_for_response(Array, Object(WP_REST_Request))
#4 /www/wwwroot/lyukyo.com/wp-includes/rest-api/class-wp-rest-server.php(1140): WP_REST_Widgets_Controller->get_items(Object(WP_REST_Request))
#5 /www/wwwroot/lyukyo.com/wp-includes/rest-api/class-wp-rest-server.php(987): WP_REST_Server->respond_to_request(Object(WP_REST_Request), '/wp/v2/widgets', A

2021-09-14T06:08:43+00:00 CRITICAL /www/wwwroot/lyukyo.com/wp-content/themes/woondershop-pt/inc/widgets/widget-woo-cart.php 中第 41 行的 Uncaught Error: Call to a member function get_cart_contents_count() on null in /www/wwwroot/lyukyo.com/wp-content/themes/woondershop-pt/inc/widgets/widget-woo-cart.php:41
Stack trace:
#0 /www/wwwroot/lyukyo.com/wp-includes/class-wp-widget.php(393): PW_Woo_Cart->widget(Array, Array)
#1 /www/wwwroot/lyukyo.com/wp-includes/widgets.php(1977): WP_Widget->display_callback(Array, Array)
#2 /www/wwwroot/lyukyo.com/wp-includes/rest-api/endpoints/class-wp-rest-widgets-controller.php(630): wp_render_widget('pw_woo_cart-1', 'header-widgets')
#3 /www/wwwroot/lyukyo.com/wp-includes/rest-api/endpoints/class-wp-rest-widgets-controller.php(122): WP_REST_Widgets_Controller->prepare_item_for_response(Array, Object(WP_REST_Request))
#4 /www/wwwroot/lyukyo.com/wp-includes/rest-api/class-wp-rest-server.php(1140): WP_REST_Widgets_Controller->get_items(Object(WP_REST_Request))
#5 /www/wwwroot/lyukyo.com/wp-includes/rest-api/class-wp-rest-server.php(987): WP_REST_Server->respond_to_request(Object(WP_REST_Request), '/wp/v2/widgets', A

2021-09-14T06:11:02+00:00 CRITICAL /www/wwwroot/lyukyo.com/wp-content/themes/woondershop-pt/inc/widgets/widget-woo-cart.php 中第 41 行的 Uncaught Error: Call to a member function get_cart_contents_count() on null in /www/wwwroot/lyukyo.com/wp-content/themes/woondershop-pt/inc/widgets/widget-woo-cart.php:41
Stack trace:
#0 /www/wwwroot/lyukyo.com/wp-includes/class-wp-widget.php(393): PW_Woo_Cart->widget(Array, Array)
#1 /www/wwwroot/lyukyo.com/wp-includes/widgets.php(1977): WP_Widget->display_callback(Array, Array)
#2 /www/wwwroot/lyukyo.com/wp-includes/rest-api/endpoints/class-wp-rest-widgets-controller.php(630): wp_render_widget('pw_woo_cart-1', 'header-widgets')
#3 /www/wwwroot/lyukyo.com/wp-includes/rest-api/endpoints/class-wp-rest-widgets-controller.php(122): WP_REST_Widgets_Controller->prepare_item_for_response(Array, Object(WP_REST_Request))
#4 /www/wwwroot/lyukyo.com/wp-includes/rest-api/class-wp-rest-server.php(1140): WP_REST_Widgets_Controller->get_items(Object(WP_REST_Request))
#5 /www/wwwroot/lyukyo.com/wp-includes/rest-api/class-wp-rest-server.php(987): WP_REST_Server->respond_to_request(Object(WP_REST_Request), '/wp/v2/widgets', A

2021-09-14T07:14:03+00:00 CRITICAL /www/wwwroot/lyukyo.com/wp-content/themes/woondershop-pt/inc/widgets/widget-woo-cart.php 中第 41 行的 Uncaught Error: Call to a member function get_cart_contents_count() on null in /www/wwwroot/lyukyo.com/wp-content/themes/woondershop-pt/inc/widgets/widget-woo-cart.php:41
Stack trace:
#0 /www/wwwroot/lyukyo.com/wp-includes/class-wp-widget.php(393): PW_Woo_Cart->widget(Array, Array)
#1 /www/wwwroot/lyukyo.com/wp-includes/widgets.php(1977): WP_Widget->display_callback(Array, Array)
#2 /www/wwwroot/lyukyo.com/wp-includes/rest-api/endpoints/class-wp-rest-widgets-controller.php(630): wp_render_widget('pw_woo_cart-1', 'header-widgets')
#3 /www/wwwroot/lyukyo.com/wp-includes/rest-api/endpoints/class-wp-rest-widgets-controller.php(122): WP_REST_Widgets_Controller->prepare_item_for_response(Array, Object(WP_REST_Request))
#4 /www/wwwroot/lyukyo.com/wp-includes/rest-api/class-wp-rest-server.php(1140): WP_REST_Widgets_Controller->get_items(Object(WP_REST_Request))
#5 /www/wwwroot/lyukyo.com/wp-includes/rest-api/class-wp-rest-server.php(987): WP_REST_Server->respond_to_request(Object(WP_REST_Request), '/wp/v2/widgets', A

2021-09-14T07:17:14+00:00 CRITICAL /www/wwwroot/lyukyo.com/wp-content/themes/woondershop-pt/inc/helpers.php 中第 104 行的 Uncaught Error: Call to a member function get_cart_contents_count() on null in /www/wwwroot/lyukyo.com/wp-content/themes/woondershop-pt/inc/helpers.php:104
Stack trace:
#0 /www/wwwroot/lyukyo.com/wp-content/themes/woondershop-pt/inc/widgets/widget-woo-cart.php(64): WoonderShopHelpers::woocommerce_cart_number_of_products_fragments()
#1 /www/wwwroot/lyukyo.com/wp-includes/class-wp-widget.php(393): PW_Woo_Cart->widget(Array, Array)
#2 /www/wwwroot/lyukyo.com/wp-includes/widgets.php(1977): WP_Widget->display_callback(Array, Array)
#3 /www/wwwroot/lyukyo.com/wp-includes/rest-api/endpoints/class-wp-rest-widgets-controller.php(630): wp_render_widget('pw_woo_cart-1', 'header-widgets')
#4 /www/wwwroot/lyukyo.com/wp-includes/rest-api/endpoints/class-wp-rest-widgets-controller.php(122): WP_REST_Widgets_Controller->prepare_item_for_response(Array, Object(WP_REST_Request))
#5 /www/wwwroot/lyukyo.com/wp-includes/rest-api/class-wp-rest-server.php(1140): WP_REST_Widgets_Controller->get_items(Object(WP_REST_Request))
#6 /www/

2021-09-14T07:17:29+00:00 CRITICAL /www/wwwroot/lyukyo.com/wp-content/themes/woondershop-pt/inc/helpers.php 中第 104 行的 Uncaught Error: Call to a member function get_cart_contents_count() on null in /www/wwwroot/lyukyo.com/wp-content/themes/woondershop-pt/inc/helpers.php:104
Stack trace:
#0 /www/wwwroot/lyukyo.com/wp-content/themes/woondershop-pt/inc/widgets/widget-woo-cart.php(64): WoonderShopHelpers::woocommerce_cart_number_of_products_fragments()
#1 /www/wwwroot/lyukyo.com/wp-includes/class-wp-widget.php(393): PW_Woo_Cart->widget(Array, Array)
#2 /www/wwwroot/lyukyo.com/wp-includes/widgets.php(1977): WP_Widget->display_callback(Array, Array)
#3 /www/wwwroot/lyukyo.com/wp-includes/rest-api/endpoints/class-wp-rest-widgets-controller.php(630): wp_render_widget('pw_woo_cart-1', 'header-widgets')
#4 /www/wwwroot/lyukyo.com/wp-includes/rest-api/endpoints/class-wp-rest-widgets-controller.php(122): WP_REST_Widgets_Controller->prepare_item_for_response(Array, Object(WP_REST_Request))
#5 /www/wwwroot/lyukyo.com/wp-includes/rest-api/class-wp-rest-server.php(1140): WP_REST_Widgets_Controller->get_items(Object(WP_REST_Request))
#6 /www/

2021-09-14T07:19:38+00:00 CRITICAL /www/wwwroot/lyukyo.com/wp-content/themes/woondershop-pt/inc/widgets/widget-woo-cart.php 中第 47 行的 Uncaught Error: Call to a member function get_cart_contents_count() on null in /www/wwwroot/lyukyo.com/wp-content/themes/woondershop-pt/inc/widgets/widget-woo-cart.php:47
Stack trace:
#0 /www/wwwroot/lyukyo.com/wp-includes/class-wp-widget.php(393): PW_Woo_Cart->widget(Array, Array)
#1 /www/wwwroot/lyukyo.com/wp-includes/widgets.php(1977): WP_Widget->display_callback(Array, Array)
#2 /www/wwwroot/lyukyo.com/wp-includes/rest-api/endpoints/class-wp-rest-widgets-controller.php(630): wp_render_widget('pw_woo_cart-1', 'header-widgets')
#3 /www/wwwroot/lyukyo.com/wp-includes/rest-api/endpoints/class-wp-rest-widgets-controller.php(122): WP_REST_Widgets_Controller->prepare_item_for_response(Array, Object(WP_REST_Request))
#4 /www/wwwroot/lyukyo.com/wp-includes/rest-api/class-wp-rest-server.php(1140): WP_REST_Widgets_Controller->get_items(Object(WP_REST_Request))
#5 /www/wwwroot/lyukyo.com/wp-includes/rest-api/class-wp-rest-server.php(987): WP_REST_Server->respond_to_request(Object(WP_REST_Request), '/wp/v2/widgets', A

2021-09-14T07:23:03+00:00 CRITICAL /www/wwwroot/lyukyo.com/wp-content/themes/woondershop-pt/inc/widgets/widget-woo-cart.php 中第 47 行的 Uncaught Error: Call to a member function get_cart_contents_count() on null in /www/wwwroot/lyukyo.com/wp-content/themes/woondershop-pt/inc/widgets/widget-woo-cart.php:47
Stack trace:
#0 /www/wwwroot/lyukyo.com/wp-includes/class-wp-widget.php(393): PW_Woo_Cart->widget(Array, Array)
#1 /www/wwwroot/lyukyo.com/wp-includes/widgets.php(1977): WP_Widget->display_callback(Array, Array)
#2 /www/wwwroot/lyukyo.com/wp-includes/rest-api/endpoints/class-wp-rest-widgets-controller.php(630): wp_render_widget('pw_woo_cart-1', 'header-widgets')
#3 /www/wwwroot/lyukyo.com/wp-includes/rest-api/endpoints/class-wp-rest-widgets-controller.php(122): WP_REST_Widgets_Controller->prepare_item_for_response(Array, Object(WP_REST_Request))
#4 /www/wwwroot/lyukyo.com/wp-includes/rest-api/class-wp-rest-server.php(1140): WP_REST_Widgets_Controller->get_items(Object(WP_REST_Request))
#5 /www/wwwroot/lyukyo.com/wp-includes/rest-api/class-wp-rest-server.php(987): WP_REST_Server->respond_to_request(Object(WP_REST_Request), '/wp/v2/widgets', A

2021-09-14T07:23:12+00:00 CRITICAL /www/wwwroot/lyukyo.com/wp-content/themes/woondershop-pt/inc/widgets/widget-woo-cart.php 中第 47 行的 Uncaught Error: Call to a member function get_cart_contents_count() on null in /www/wwwroot/lyukyo.com/wp-content/themes/woondershop-pt/inc/widgets/widget-woo-cart.php:47
Stack trace:
#0 /www/wwwroot/lyukyo.com/wp-includes/class-wp-widget.php(393): PW_Woo_Cart->widget(Array, Array)
#1 /www/wwwroot/lyukyo.com/wp-includes/widgets.php(1977): WP_Widget->display_callback(Array, Array)
#2 /www/wwwroot/lyukyo.com/wp-includes/rest-api/endpoints/class-wp-rest-widgets-controller.php(630): wp_render_widget('pw_woo_cart-1', 'header-widgets')
#3 /www/wwwroot/lyukyo.com/wp-includes/rest-api/endpoints/class-wp-rest-widgets-controller.php(122): WP_REST_Widgets_Controller->prepare_item_for_response(Array, Object(WP_REST_Request))
#4 /www/wwwroot/lyukyo.com/wp-includes/rest-api/class-wp-rest-server.php(1140): WP_REST_Widgets_Controller->get_items(Object(WP_REST_Request))
#5 /www/wwwroot/lyukyo.com/wp-includes/rest-api/class-wp-rest-server.php(987): WP_REST_Server->respond_to_request(Object(WP_REST_Request), '/wp/v2/widgets', A

2021-09-14T07:38:21+00:00 CRITICAL /www/wwwroot/lyukyo.com/wp-content/themes/woondershop-pt/inc/widgets/widget-woo-cart.php 中第 41 行的 Uncaught Error: Call to a member function get_cart_contents_count() on null in /www/wwwroot/lyukyo.com/wp-content/themes/woondershop-pt/inc/widgets/widget-woo-cart.php:41
Stack trace:
#0 /www/wwwroot/lyukyo.com/wp-includes/class-wp-widget.php(393): PW_Woo_Cart->widget(Array, Array)
#1 /www/wwwroot/lyukyo.com/wp-includes/widgets.php(1977): WP_Widget->display_callback(Array, Array)
#2 /www/wwwroot/lyukyo.com/wp-includes/rest-api/endpoints/class-wp-rest-widgets-controller.php(630): wp_render_widget('pw_woo_cart-1', 'header-widgets')
#3 /www/wwwroot/lyukyo.com/wp-includes/rest-api/endpoints/class-wp-rest-widgets-controller.php(122): WP_REST_Widgets_Controller->prepare_item_for_response(Array, Object(WP_REST_Request))
#4 /www/wwwroot/lyukyo.com/wp-includes/rest-api/class-wp-rest-server.php(1140): WP_REST_Widgets_Controller->get_items(Object(WP_REST_Request))
#5 /www/wwwroot/lyukyo.com/wp-includes/rest-api/class-wp-rest-server.php(987): WP_REST_Server->respond_to_request(Object(WP_REST_Request), '/wp/v2/widgets', A

2021-09-14T07:38:26+00:00 CRITICAL /www/wwwroot/lyukyo.com/wp-content/themes/woondershop-pt/inc/widgets/widget-woo-cart.php 中第 41 行的 Uncaught Error: Call to a member function get_cart_contents_count() on null in /www/wwwroot/lyukyo.com/wp-content/themes/woondershop-pt/inc/widgets/widget-woo-cart.php:41
Stack trace:
#0 /www/wwwroot/lyukyo.com/wp-includes/class-wp-widget.php(393): PW_Woo_Cart->widget(Array, Array)
#1 /www/wwwroot/lyukyo.com/wp-includes/widgets.php(1977): WP_Widget->display_callback(Array, Array)
#2 /www/wwwroot/lyukyo.com/wp-includes/rest-api/endpoints/class-wp-rest-widgets-controller.php(630): wp_render_widget('pw_woo_cart-1', 'header-widgets')
#3 /www/wwwroot/lyukyo.com/wp-includes/rest-api/endpoints/class-wp-rest-widgets-controller.php(122): WP_REST_Widgets_Controller->prepare_item_for_response(Array, Object(WP_REST_Request))
#4 /www/wwwroot/lyukyo.com/wp-includes/rest-api/class-wp-rest-server.php(1140): WP_REST_Widgets_Controller->get_items(Object(WP_REST_Request))
#5 /www/wwwroot/lyukyo.com/wp-includes/rest-api/class-wp-rest-server.php(987): WP_REST_Server->respond_to_request(Object(WP_REST_Request), '/wp/v2/widgets', A

2021-09-14T08:08:55+00:00 CRITICAL /www/wwwroot/lyukyo.com/wp-content/themes/woondershop-pt/inc/helpers.php 中第 104 行的 Uncaught Error: Call to a member function get_cart_contents_count() on null in /www/wwwroot/lyukyo.com/wp-content/themes/woondershop-pt/inc/helpers.php:104
Stack trace:
#0 /www/wwwroot/lyukyo.com/wp-content/themes/woondershop-pt/inc/widgets/widget-woo-cart.php(56): WoonderShopHelpers::woocommerce_cart_number_of_products_fragments()
#1 /www/wwwroot/lyukyo.com/wp-includes/class-wp-widget.php(393): PW_Woo_Cart->widget(Array, Array)
#2 /www/wwwroot/lyukyo.com/wp-includes/widgets.php(1977): WP_Widget->display_callback(Array, Array)
#3 /www/wwwroot/lyukyo.com/wp-includes/rest-api/endpoints/class-wp-rest-widgets-controller.php(630): wp_render_widget('pw_woo_cart-1', 'header-widgets')
#4 /www/wwwroot/lyukyo.com/wp-includes/rest-api/endpoints/class-wp-rest-widgets-controller.php(122): WP_REST_Widgets_Controller->prepare_item_for_response(Array, Object(WP_REST_Request))
#5 /www/wwwroot/lyukyo.com/wp-includes/rest-api/class-wp-rest-server.php(1140): WP_REST_Widgets_Controller->get_items(Object(WP_REST_Request))
#6 /www/

2021-09-14T08:09:20+00:00 CRITICAL /www/wwwroot/lyukyo.com/wp-content/themes/woondershop-pt/inc/helpers.php 中第 104 行的 Uncaught Error: Call to a member function get_cart_contents_count() on null in /www/wwwroot/lyukyo.com/wp-content/themes/woondershop-pt/inc/helpers.php:104
Stack trace:
#0 /www/wwwroot/lyukyo.com/wp-content/themes/woondershop-pt/inc/widgets/widget-woo-cart.php(56): WoonderShopHelpers::woocommerce_cart_number_of_products_fragments()
#1 /www/wwwroot/lyukyo.com/wp-includes/class-wp-widget.php(393): PW_Woo_Cart->widget(Array, Array)
#2 /www/wwwroot/lyukyo.com/wp-includes/widgets.php(1977): WP_Widget->display_callback(Array, Array)
#3 /www/wwwroot/lyukyo.com/wp-includes/rest-api/endpoints/class-wp-rest-widgets-controller.php(630): wp_render_widget('pw_woo_cart-1', 'header-widgets')
#4 /www/wwwroot/lyukyo.com/wp-includes/rest-api/endpoints/class-wp-rest-widgets-controller.php(122): WP_REST_Widgets_Controller->prepare_item_for_response(Array, Object(WP_REST_Request))
#5 /www/wwwroot/lyukyo.com/wp-includes/rest-api/class-wp-rest-server.php(1140): WP_REST_Widgets_Controller->get_items(Object(WP_REST_Request))
#6 /www/

2021-09-14T08:09:23+00:00 CRITICAL /www/wwwroot/lyukyo.com/wp-content/themes/woondershop-pt/inc/helpers.php 中第 104 行的 Uncaught Error: Call to a member function get_cart_contents_count() on null in /www/wwwroot/lyukyo.com/wp-content/themes/woondershop-pt/inc/helpers.php:104
Stack trace:
#0 /www/wwwroot/lyukyo.com/wp-content/themes/woondershop-pt/inc/widgets/widget-woo-cart.php(56): WoonderShopHelpers::woocommerce_cart_number_of_products_fragments()
#1 /www/wwwroot/lyukyo.com/wp-includes/class-wp-widget.php(393): PW_Woo_Cart->widget(Array, Array)
#2 /www/wwwroot/lyukyo.com/wp-includes/widgets.php(1977): WP_Widget->display_callback(Array, Array)
#3 /www/wwwroot/lyukyo.com/wp-includes/rest-api/endpoints/class-wp-rest-widgets-controller.php(630): wp_render_widget('pw_woo_cart-1', 'header-widgets')
#4 /www/wwwroot/lyukyo.com/wp-includes/rest-api/endpoints/class-wp-rest-widgets-controller.php(122): WP_REST_Widgets_Controller->prepare_item_for_response(Array, Object(WP_REST_Request))
#5 /www/wwwroot/lyukyo.com/wp-includes/rest-api/class-wp-rest-server.php(1140): WP_REST_Widgets_Controller->get_items(Object(WP_REST_Request))
#6 /www/

2021-09-14T08:09:28+00:00 CRITICAL /www/wwwroot/lyukyo.com/wp-content/themes/woondershop-pt/inc/helpers.php 中第 104 行的 Uncaught Error: Call to a member function get_cart_contents_count() on null in /www/wwwroot/lyukyo.com/wp-content/themes/woondershop-pt/inc/helpers.php:104
Stack trace:
#0 /www/wwwroot/lyukyo.com/wp-content/themes/woondershop-pt/inc/widgets/widget-woo-cart.php(56): WoonderShopHelpers::woocommerce_cart_number_of_products_fragments()
#1 /www/wwwroot/lyukyo.com/wp-includes/class-wp-widget.php(393): PW_Woo_Cart->widget(Array, Array)
#2 /www/wwwroot/lyukyo.com/wp-includes/widgets.php(1977): WP_Widget->display_callback(Array, Array)
#3 /www/wwwroot/lyukyo.com/wp-includes/rest-api/endpoints/class-wp-rest-widgets-controller.php(630): wp_render_widget('pw_woo_cart-1', 'header-widgets')
#4 /www/wwwroot/lyukyo.com/wp-includes/rest-api/endpoints/class-wp-rest-widgets-controller.php(122): WP_REST_Widgets_Controller->prepare_item_for_response(Array, Object(WP_REST_Request))
#5 /www/wwwroot/lyukyo.com/wp-includes/rest-api/class-wp-rest-server.php(1140): WP_REST_Widgets_Controller->get_items(Object(WP_REST_Request))
#6 /www/

